<?xml version="1.0" encoding="UTF-8"?>
<!-- Generated by org.testng.reporters.JUnitReportReporter -->
<testsuite skipped="0" hostname="hp-PC" name="testcases.Test1" tests="1" failures="0" timestamp="11 Apr 2019 17:13:04 GMT" time="0.001" errors="0">
  <testcase name="test1" time="0.001" classname="testcases.Test1"/>
</testsuite> <!-- testcases.Test1 -->
